<?xml version="1.0" encoding="UTF-8"?>
<testng-results ignored="0" total="2" passed="2" failed="0" skipped="0">
  <reporter-output>
  </reporter-output>
  <suite started-at="2023-06-12T14:15:35 IST" name="QA_Automation_Test Using BDD Approch" finished-at="2023-06-12T14:17:07 IST" duration-ms="92166">
    <groups>
      <group name="cucumber">
        <method signature="AbstractTestNGCucumberTests.runScenario(io.cucumber.testng.PickleWrapper,io.cucumber.testng.FeatureWrapper)[pri:0, instance:runner.TestRunner@28261e8e]" name="runScenario" class="io.cucumber.testng.AbstractTestNGCucumberTests"/>
      </group> <!-- cucumber -->
    </groups>
    <test started-at="2023-06-12T14:15:35 IST" name="Regression" finished-at="2023-06-12T14:17:07 IST" duration-ms="92166">
      <class name="runner.TestRunner">
        <test-method is-config="true" signature="setUpClass(org.testng.ITestContext)[pri:0, instance:runner.TestRunner@28261e8e]" started-at="2023-06-12T14:15:35 IST" name="setUpClass" finished-at="2023-06-12T14:15:36 IST" duration-ms="1455" status="PASS">
          <params>
            <param index="0">
              <value>
                <![CDATA[org.testng.TestRunner@5be1d0a4]]>
              </value>
            </param>
          </params>
          <reporter-output>
          </reporter-output>
        </test-method> <!-- setUpClass -->
        <test-method signature="runScenario(io.cucumber.testng.PickleWrapper,io.cucumber.testng.FeatureWrapper)[pri:0, instance:runner.TestRunner@28261e8e]" started-at="2023-06-12T14:15:36 IST" name="runScenario" description="Runs Cucumber Scenarios" data-provider="scenarios" finished-at="2023-06-12T14:16:47 IST" duration-ms="70471" status="PASS">
          <params>
            <param index="0">
              <value>
                <![CDATA["Verify login with valid credential"]]>
              </value>
            </param>
            <param index="1">
              <value>
                <![CDATA["Google Search feature"]]>
              </value>
            </param>
          </params>
          <reporter-output>
          </reporter-output>
        </test-method> <!-- runScenario -->
        <test-method signature="runScenario(io.cucumber.testng.PickleWrapper,io.cucumber.testng.FeatureWrapper)[pri:0, instance:runner.TestRunner@28261e8e]" started-at="2023-06-12T14:16:47 IST" name="runScenario" description="Runs Cucumber Scenarios" data-provider="scenarios" finished-at="2023-06-12T14:17:06 IST" duration-ms="19249" status="PASS">
          <params>
            <param index="0">
              <value>
                <![CDATA["Verify login with valid credential"]]>
              </value>
            </param>
            <param index="1">
              <value>
                <![CDATA["Google Search feature"]]>
              </value>
            </param>
          </params>
          <reporter-output>
          </reporter-output>
        </test-method> <!-- runScenario -->
        <test-method is-config="true" signature="tearDownClass()[pri:0, instance:runner.TestRunner@28261e8e]" started-at="2023-06-12T14:17:06 IST" name="tearDownClass" finished-at="2023-06-12T14:17:07 IST" duration-ms="895" status="PASS">
          <reporter-output>
          </reporter-output>
        </test-method> <!-- tearDownClass -->
      </class> <!-- runner.TestRunner -->
    </test> <!-- Regression -->
  </suite> <!-- QA_Automation_Test Using BDD Approch -->
</testng-results>
