<?xml version="1.0" encoding="UTF-8"?>
<testsuite xmlns:xsi="http://www.w3.org/2001/XMLSchema-instance" xsi:noNamespaceSchemaLocation="https://maven.apache.org/surefire/maven-surefire-plugin/xsd/surefire-test-report-3.0.xsd" version="3.0" name="TestSuite" time="93.152" tests="2" errors="0" skipped="0" failures="0">
  <properties>
[...]
</properties>
  <testcase name="runScenario[&quot;Verify login with valid credential&quot;, &quot;Google Search feature&quot;](1)" classname="runner.TestRunner" time="70.493">
    <system-out><![CDATA[
@tag124
Scenario Outline: Verify login with valid credential                                 &amp#27;[90m# src/test/resources/Features/Google.feature:18&amp#27;[0m
  &amp#27;[32mGiven &amp#27;[0m&amp#27;[32mI launch browser and open base url &amp#27;[0m&amp#27;[32m&amp#27;[1m"https://demo.guru99.com/test/login.html"&amp#27;[0m &amp#27;[90m# stepdefinition.LoginDemoStep.i_launch_browser_and_open_base_url(java.lang.String)&amp#27;[0m

    Embedding screenshot [image/png 69287 bytes]

  &amp#27;[32mWhen &amp#27;[0m&amp#27;[32mI enter email id as &amp#27;[0m&amp#27;[32m&amp#27;[1m"gajanan"&amp#27;[0m&amp#27;[32m and password as &amp#27;[0m&amp#27;[32m&amp#27;[1m"sanap123"&amp#27;[0m                      &amp#27;[90m# stepdefinition.LoginDemoStep.i_enter_email_id_as_and_password_as(java.lang.String,java.lang.String)&amp#27;[0m

    Embedding screenshot [image/png 70838 bytes]

  &amp#27;[32mAnd &amp#27;[0m&amp#27;[32mI clicked on login button&amp#27;[0m                                                      &amp#27;[90m# stepdefinition.LoginDemoStep.i_clicked_on_login_button()&amp#27;[0m

    Embedding screenshot [image/png 70347 bytes]

  &amp#27;[32mThen &amp#27;[0m&amp#27;[32mI should be successfully logged in&amp#27;[0m                                            &amp#27;[90m# stepdefinition.LoginDemoStep.i_should_be_successfully_logged_in()&amp#27;[0m

    Embedding screenshot [image/png 70347 bytes]

]]></system-out>
    <system-err><![CDATA[SLF4J: No SLF4J providers were found.
SLF4J: Defaulting to no-operation (NOP) logger implementation
SLF4J: See https://www.slf4j.org/codes.html#noProviders for further details.
ERROR StatusLogger Log4j2 could not find a logging implementation. Please add log4j-core to the classpath. Using SimpleLogger to log to the console...
Starting ChromeDriver 114.0.5735.90 (386bc09e8f4f2e025eddae123f36f6263096ae49-refs/branch-heads/5735@{#1052}) on port 52205
Only local connections are allowed.
Please see https://chromedriver.chromium.org/security-considerations for suggestions on keeping ChromeDriver safe.
ChromeDriver was started successfully.
Jun 12, 2023 2:16:30 PM org.openqa.selenium.remote.ProtocolHandshake createSession
INFO: Detected dialect: W3C
Jun 12, 2023 2:16:30 PM org.openqa.selenium.devtools.CdpVersionFinder findNearestMatch
WARNING: Unable to find an exact match for CDP version 114, so returning the closest version found: a no-op implementation
Jun 12, 2023 2:16:30 PM org.openqa.selenium.devtools.CdpVersionFinder findNearestMatch
INFO: Unable to find CDP implementation matching 114.
Jun 12, 2023 2:16:30 PM org.openqa.selenium.chromium.ChromiumDriver lambda$new$3
WARNING: Unable to find version of CDP to use for . You may need to include a dependency on a specific version of the CDP using something similar to `org.seleniumhq.selenium:selenium-devtools-v86:4.0.0` where the version ("v86") matches the version of the chromium-based browser you're using and the version number of the artifact is the same as Selenium's.
]]></system-err>
  </testcase>
  <testcase name="runScenario[&quot;Verify login with valid credential&quot;, &quot;Google Search feature&quot;](2)" classname="runner.TestRunner" time="19.264">
    <system-out><![CDATA[
@tag124
Scenario Outline: Verify login with valid credential                                 &amp#27;[90m# src/test/resources/Features/Google.feature:19&amp#27;[0m
  &amp#27;[32mGiven &amp#27;[0m&amp#27;[32mI launch browser and open base url &amp#27;[0m&amp#27;[32m&amp#27;[1m"https://demo.guru99.com/test/login.html"&amp#27;[0m &amp#27;[90m# stepdefinition.LoginDemoStep.i_launch_browser_and_open_base_url(java.lang.String)&amp#27;[0m

    Embedding screenshot [image/png 69287 bytes]

  &amp#27;[32mWhen &amp#27;[0m&amp#27;[32mI enter email id as &amp#27;[0m&amp#27;[32m&amp#27;[1m"Ajinkya"&amp#27;[0m&amp#27;[32m and password as &amp#27;[0m&amp#27;[32m&amp#27;[1m"hiw123"&amp#27;[0m                        &amp#27;[90m# stepdefinition.LoginDemoStep.i_enter_email_id_as_and_password_as(java.lang.String,java.lang.String)&amp#27;[0m

    Embedding screenshot [image/png 71454 bytes]

  &amp#27;[32mAnd &amp#27;[0m&amp#27;[32mI clicked on login button&amp#27;[0m                                                      &amp#27;[90m# stepdefinition.LoginDemoStep.i_clicked_on_login_button()&amp#27;[0m

    Embedding screenshot [image/png 70347 bytes]

  &amp#27;[32mThen &amp#27;[0m&amp#27;[32mI should be successfully logged in&amp#27;[0m                                            &amp#27;[90m# stepdefinition.LoginDemoStep.i_should_be_successfully_logged_in()&amp#27;[0m

    Embedding screenshot [image/png 70347 bytes]

]]></system-out>
    <system-err><![CDATA[Starting ChromeDriver 114.0.5735.90 (386bc09e8f4f2e025eddae123f36f6263096ae49-refs/branch-heads/5735@{#1052}) on port 53692
Only local connections are allowed.
Please see https://chromedriver.chromium.org/security-considerations for suggestions on keeping ChromeDriver safe.
ChromeDriver was started successfully.
Jun 12, 2023 2:16:48 PM org.openqa.selenium.remote.ProtocolHandshake createSession
INFO: Detected dialect: W3C
Jun 12, 2023 2:16:48 PM org.openqa.selenium.devtools.CdpVersionFinder findNearestMatch
WARNING: Unable to find an exact match for CDP version 114, so returning the closest version found: a no-op implementation
Jun 12, 2023 2:16:48 PM org.openqa.selenium.devtools.CdpVersionFinder findNearestMatch
INFO: Unable to find CDP implementation matching 114.
Jun 12, 2023 2:16:48 PM org.openqa.selenium.chromium.ChromiumDriver lambda$new$3
WARNING: Unable to find version of CDP to use for . You may need to include a dependency on a specific version of the CDP using something similar to `org.seleniumhq.selenium:selenium-devtools-v86:4.0.0` where the version ("v86") matches the version of the chromium-based browser you're using and the version number of the artifact is the same as Selenium's.
]]></system-err>
  </testcase>
</testsuite>