<?xml version="1.0" encoding="UTF-8"?>
<testng-results ignored="0" total="1" passed="1" failed="0" skipped="0">
  <reporter-output>
  </reporter-output>
  <suite started-at="2023-06-12T15:58:54 IST" name="Default suite" finished-at="2023-06-12T15:59:24 IST" duration-ms="29229">
    <groups>
      <group name="cucumber">
        <method signature="AbstractTestNGCucumberTests.runScenario(io.cucumber.testng.PickleWrapper,io.cucumber.testng.FeatureWrapper)[pri:0, instance:runner.TestRunner@19932c16]" name="runScenario" class="io.cucumber.testng.AbstractTestNGCucumberTests"/>
      </group> <!-- cucumber -->
    </groups>
    <test started-at="2023-06-12T15:58:54 IST" name="Default test" finished-at="2023-06-12T15:59:24 IST" duration-ms="29229">
      <class name="runner.TestRunner">
        <test-method is-config="true" signature="setUpClass(org.testng.ITestContext)[pri:0, instance:runner.TestRunner@19932c16]" started-at="2023-06-12T15:58:54 IST" name="setUpClass" finished-at="2023-06-12T15:58:56 IST" duration-ms="1475" status="PASS">
          <params>
            <param index="0">
              <value>
                <![CDATA[org.testng.TestRunner@6e239337]]>
              </value>
            </param>
          </params>
          <reporter-output>
          </reporter-output>
        </test-method> <!-- setUpClass -->
        <test-method signature="runScenario(io.cucumber.testng.PickleWrapper,io.cucumber.testng.FeatureWrapper)[pri:0, instance:runner.TestRunner@19932c16]" started-at="2023-06-12T15:58:56 IST" name="runScenario" description="Runs Cucumber Scenarios" data-provider="scenarios" finished-at="2023-06-12T15:59:23 IST" duration-ms="27130" status="PASS">
          <params>
            <param index="0">
              <value>
                <![CDATA["Validate mouse hour and click action"]]>
              </value>
            </param>
            <param index="1">
              <value>
                <![CDATA["Selenium Action class scenarios"]]>
              </value>
            </param>
          </params>
          <reporter-output>
          </reporter-output>
        </test-method> <!-- runScenario -->
        <test-method is-config="true" signature="tearDownClass()[pri:0, instance:runner.TestRunner@19932c16]" started-at="2023-06-12T15:59:23 IST" name="tearDownClass" finished-at="2023-06-12T15:59:24 IST" duration-ms="549" status="PASS">
          <reporter-output>
          </reporter-output>
        </test-method> <!-- tearDownClass -->
      </class> <!-- runner.TestRunner -->
    </test> <!-- Default test -->
  </suite> <!-- Default suite -->
</testng-results>
